[2023-10-12 17:32:46.310] [DISPLAY] [Main ] [sysinfo] OS Version: Major: 10 Minor: 0 Build: 19045 Service Pack: 
[2023-10-12 17:32:46.323] [DISPLAY] [Main ] [sysinfo] OS Version: Major: 10 Minor: 0 Build: 19045 Service Pack: 
[2023-10-12 17:32:46.330] [DISPLAY] [Main ] [main] Working directory: C:\Program Files\Rockstar Games\Launcher
[2023-10-12 17:32:46.344] [DISPLAY] [Main ] [minmode] Running in Steam mode
[2023-10-12 17:32:46.344] [DISPLAY] [Main ] [minmode] Steam App Id: 271590
[2023-10-12 17:32:46.344] [DISPLAY] [Main ] [minmode] Title Id: gta5
[2023-10-12 17:32:46.344] [DISPLAY] [Main ] [minmode] Location: D:\SteamLibrary\steamapps\common\Grand Theft Auto V
[2023-10-12 17:32:46.344] [DISPLAY] [Main ] [launcher] Opening log file.
[2023-10-12 17:32:46.350] [DISPLAY] [Main ] [main] Command line: "C:\Program Files\Rockstar Games\Launcher\Launcher.exe" -skipPatcherCheck -steamAppId=271590 @args.txt
[2023-10-12 17:32:46.350] [DISPLAY] [Main ] [main] Build type: FMB
[2023-10-12 17:32:46.350] [DISPLAY] [Main ] [main] Version: 1.0.79.1653
[2023-10-12 17:32:46.350] [DISPLAY] [Main ] [main] Parameters:
[2023-10-12 17:32:46.350] [DISPLAY] [Main ] [main]     C:\Program Files\Rockstar Games\Launcher\Launcher.exe
[2023-10-12 17:32:46.350] [DISPLAY] [Main ] [main]     -skipPatcherCheck
[2023-10-12 17:32:46.350] [DISPLAY] [Main ] [main]     -steamAppId=271590
[2023-10-12 17:32:46.350] [DISPLAY] [Main ] [main]     @args.txt
[2023-10-12 17:32:46.381] [DISPLAY] [Main ] [titlemanager] Installed titles:
[2023-10-12 17:32:46.381] [DISPLAY] [Main ] [titlemanager]  Title                             Progress               Version              Location                                                    
[2023-10-12 17:32:46.654] [DISPLAY] [Main ] [svc] Service version: 1.0.79.1653 (1.0.79.1653)
[2023-10-12 17:32:46.934] [DISPLAY] [Main ] [fileutils] Version: 2.2.1.8 | 1.0.79.1653 | FFP
[2023-10-12 17:32:46.969] [DISPLAY] [Workr] [selfupdate] Up-to-date.
[2023-10-12 17:32:47.094] [DISPLAY] [bgsvc] [svc] Received response from service.
[2023-10-12 17:32:47.253] [DISPLAY] [Main ] [systemtray] System tray: enabled
[2023-10-12 17:32:47.279] [DISPLAY] [Workr] [idownloader] Starting download of 'https://gamedownloads-rockstargames-com.akamaized.net/public/launcher_online_config.xml'
[2023-10-12 17:32:47.427] [DISPLAY] [Workr] [idownloader] Completed download of 'https://gamedownloads-rockstargames-com.akamaized.net/public/launcher_online_config.xml' (status: 0/200)
[2023-10-12 17:32:47.427] [DISPLAY] [Workr] [titlemanager] Downloading title list...
[2023-10-12 17:32:47.435] [DISPLAY] [Workr] [idownloader] Starting download of 'https://gamedownloads-rockstargames-com.akamaized.net/public/title_metadata.json'
[2023-10-12 17:32:47.469] [DISPLAY] [Workr] [idownloader] Completed download of 'https://gamedownloads-rockstargames-com.akamaized.net/public/title_metadata.json' (status: 0/200)
[2023-10-12 17:32:47.515] [DISPLAY] [Workr] [titlemanager] Downloading default title list (SCS)...
[2023-10-12 17:32:47.515] [DISPLAY] [Workr] [idownloader] Starting download of 'https://rgl-prod.ros.rockstargames.com/launcher/11/LauncherServices/App.asmx/GetDefaultApps?accessToken='
[2023-10-12 17:32:48.339] [DISPLAY] [Workr] [idownloader] Completed download of 'https://rgl-prod.ros.rockstargames.com/launcher/11/LauncherServices/App.asmx/GetDefaultApps?accessToken=' (status: 0/200)
[2023-10-12 17:32:48.339] [DISPLAY] [Workr] [titlemanager] Title list updated.
[2023-10-12 17:32:48.339] [DISPLAY] [Workr] [launcher] Checking for self-update...
[2023-10-12 17:32:48.343] [DISPLAY] [Workr] [statuschecker] Title Rockstar Games Launcher: No update
[2023-10-12 17:32:48.349] [DISPLAY] [Workr] [launcher] No self-update, continuing.
[2023-10-12 17:32:48.349] [DISPLAY] [Workr] [launcher] Checking for prerequisite updates...
[2023-10-12 17:32:48.392] [DISPLAY] [Workr] [preqmanager] The Social Club version available matches that currently installed (both: 2.2.1.8)
[2023-10-12 17:32:48.392] [DISPLAY] [Workr] [titleupdater] No prerequisites to install.
[2023-10-12 17:32:50.594] [DISPLAY] [Main ] [launcher] Social Club UI has started.
[2023-10-12 17:32:50.595] [DISPLAY] [Main ] [external] Notifying Social Club UI about external launch...
[2023-10-12 17:32:50.595] [DISPLAY] [Admin] [external] Setting up Steam title...
[2023-10-12 17:32:50.595] [DISPLAY] [Admin] [titlemanager] Skipping title metadata download as it is available and less old (0 minutes) than the refresh delay (60 minutes).
[2023-10-12 17:32:50.595] [DISPLAY] [Admin] [external] Ready to attempt a launch.
[2023-10-12 17:32:53.215] [DISPLAY] [Main ] [launcher] Presence Event - Signed In
[2023-10-12 17:32:53.215] [DISPLAY] [Main ] [launcher] User 'NoDiffLow' is now signed in
[2023-10-12 17:32:53.246] [DISPLAY] [Main ] [launcher] Presence Event :: Went Online
[2023-10-12 17:32:53.246] [DISPLAY] [Main ] [external] Preparing to update/launch...
[2023-10-12 17:32:53.246] [DISPLAY] [Admin] [titlemanager] Downloading title list...
[2023-10-12 17:32:53.246] [DISPLAY] [Admin] [titlemanager] Skipping title metadata download as it is available and less old (0 minutes) than the refresh delay (60 minutes).
[2023-10-12 17:32:53.247] [DISPLAY] [Admin] [titlemanager] Downloading title list (SCS)...
[2023-10-12 17:32:53.247] [DISPLAY] [Main ] [launcher] Time to start up: 6979 ms
[2023-10-12 17:32:53.250] [DISPLAY] [Main ] [ui_mainwindow] Using DPI 96,96
[2023-10-12 17:32:53.250] [DISPLAY] [Main ] [ui_mainwindow] Using UI Scale: 1.00
[2023-10-12 17:32:53.251] [DISPLAY] [Main ] [ui_mainwindow] Using saved geometry: 43,64 (1280 x 600)
[2023-10-12 17:32:53.262] [DISPLAY] [Main ] [systemtray] System tray: enabled
[2023-10-12 17:32:53.274] [DISPLAY] [Main ] [scuicallbacks] Enabling Downloading
[2023-10-12 17:32:53.378] [DISPLAY] [Main ] [launcher] Friend Event - Friends are Available
[2023-10-12 17:32:53.769] [DISPLAY] [Main ] [scuicallbacks] Setting updated
[2023-10-12 17:32:53.769] [DISPLAY] [Main ] [scuicallbacks] Launch requested
[2023-10-12 17:32:53.769] [DISPLAY] [Main ] [scuicallbacks] Launch requested by user: gta5, 
[2023-10-12 17:32:53.769] [DISPLAY] [Main ] [external] Attempting external title launch...
[2023-10-12 17:32:54.416] [DISPLAY] [Admin] [titlemanager] Title list updated.
[2023-10-12 17:32:54.417] [DISPLAY] [Admin] [external] Ready to attempt a launch.
[2023-10-12 17:32:54.417] [DISPLAY] [Admin] [external] Attempting Steam launch. User is 'yFlowHD'
[2023-10-12 17:32:58.889] [DISPLAY] [14288] [gamelaunch] RGL is up to date (current: 1.0.79.1653, minimum: 1.0.33.319)
[2023-10-12 17:32:58.889] [DISPLAY] [14288] [gamelaunch] Grand Theft Auto V is up to date (current: 1.0.3028.0, minimum: 1.0.2060.0)
[2023-10-12 17:33:02.276] [DISPLAY] [Main ] [cloudsaveop] Cloud Save sync requested for title 'gta5'
[2023-10-12 17:33:02.293] [DISPLAY] [Main ] [cloudsaveop] Starting cloud save enabled check for title 'gta5'
[2023-10-12 17:33:02.300] [DISPLAY] [Main ] [cloudsaveop] Received cloud saves enabled state for title 'gta5' = enabled
[2023-10-12 17:33:02.300] [DISPLAY] [Main ] [cloudsaveop] Identifying potential cloud save conflicts for title 'gta5'
[2023-10-12 17:33:02.972] [DISPLAY] [Main ] [cloudsaveop] Received modification list of cloud save files for title 'gta5'
[2023-10-12 17:33:02.972] [DISPLAY] [Main ] [cloudsaveop] Retrieving conflict metadata for title 'gta5'
[2023-10-12 17:33:02.989] [DISPLAY] [Main ] [cloudsaveop] Downloaded conflict metadata for title 'gta5'
[2023-10-12 17:33:02.989] [DISPLAY] [Main ] [cloudsaveop] Posting updated files for title 'gta5'
[2023-10-12 17:33:03.006] [DISPLAY] [Main ] [cloudsaveop] File uploading completed for title 'gta5'
[2023-10-12 17:33:03.006] [DISPLAY] [Main ] [cloudsaveop] Getting update files for title 'gta5'
[2023-10-12 17:33:03.023] [DISPLAY] [Main ] [cloudsaveop] File downloading completed for title 'gta5'
[2023-10-12 17:33:03.023] [DISPLAY] [Main ] [cloudsaveop] Deleting updated files for title 'gta5'
[2023-10-12 17:33:03.040] [DISPLAY] [Main ] [cloudsaveop] Files deletion completed for title 'gta5'
[2023-10-12 17:33:03.040] [DISPLAY] [Main ] [cloudsaveop] Swapping updated files in place for title 'gta5'
[2023-10-12 17:33:03.057] [DISPLAY] [Main ] [cloudsaveop] Finished syncing cloud saves for title 'gta5'
[2023-10-12 17:33:03.106] [DISPLAY] [net3 ] [audio] Valid Audio Device: true
[2023-10-12 17:33:04.202] [DISPLAY] [14288] [gamelaunch] Launching game...
[2023-10-12 17:33:04.202] [DISPLAY] [14288] [gamelaunch]  Path: D:\SteamLibrary\steamapps\common\Grand Theft Auto V\GTA5.exe
[2023-10-12 17:33:04.202] [DISPLAY] [14288] [gamelaunch]  Command Line: "D:\SteamLibrary\steamapps\common\Grand Theft Auto V\GTA5.exe" -skipPatcherCheck @args.txt @commandline.txt -enableCrashpad -useSteam -steamAppId=271590 -scCommerceProvider=4
[2023-10-12 17:33:04.202] [DISPLAY] [14288] [gamelaunch]  Working Directory: D:\SteamLibrary\steamapps\common\Grand Theft Auto V
[2023-10-12 17:38:37.310] [DISPLAY] [14288] [gamelaunch] Game exited with code 0x0 (0)
[2023-10-12 17:38:37.310] [DISPLAY] [14288] [crashdetection] Game left no exit file.
[2023-10-12 17:38:37.310] [DISPLAY] [14288] [crashdetection] Exit code 0x0 indicates a clean game shutdown
[2023-10-12 17:38:37.363] [DISPLAY] [Main ] [cloudsaveop] Cloud Save sync requested for title 'gta5'
[2023-10-12 17:38:37.380] [DISPLAY] [Main ] [cloudsaveop] Starting cloud save enabled check for title 'gta5'
[2023-10-12 17:38:37.381] [DISPLAY] [Main ] [cloudsaveop] Received cloud saves enabled state for title 'gta5' = enabled
[2023-10-12 17:38:37.381] [DISPLAY] [Main ] [cloudsaveop] Identifying potential cloud save conflicts for title 'gta5'
[2023-10-12 17:38:37.992] [DISPLAY] [Main ] [cloudsaveop] Received modification list of cloud save files for title 'gta5'
[2023-10-12 17:38:37.992] [DISPLAY] [Main ] [cloudsaveop] Retrieving conflict metadata for title 'gta5'
[2023-10-12 17:38:38.009] [DISPLAY] [Main ] [cloudsaveop] Downloaded conflict metadata for title 'gta5'
[2023-10-12 17:38:38.009] [DISPLAY] [Main ] [cloudsaveop] Posting updated files for title 'gta5'
[2023-10-12 17:38:38.026] [DISPLAY] [Main ] [cloudsaveop] File uploading completed for title 'gta5'
[2023-10-12 17:38:38.026] [DISPLAY] [Main ] [cloudsaveop] Getting update files for title 'gta5'
[2023-10-12 17:38:38.043] [DISPLAY] [Main ] [cloudsaveop] File downloading completed for title 'gta5'
[2023-10-12 17:38:38.043] [DISPLAY] [Main ] [cloudsaveop] Deleting updated files for title 'gta5'
[2023-10-12 17:38:38.060] [DISPLAY] [Main ] [cloudsaveop] Files deletion completed for title 'gta5'
[2023-10-12 17:38:38.060] [DISPLAY] [Main ] [cloudsaveop] Swapping updated files in place for title 'gta5'
[2023-10-12 17:38:38.077] [DISPLAY] [Main ] [cloudsaveop] Finished syncing cloud saves for title 'gta5'
[2023-10-12 17:38:39.658] [DISPLAY] [14288] [launcher] Shutdown requested! Forced: false
[2023-10-12 17:38:39.659] [DISPLAY] [Main ] [launcher] StartShutdown - Now in progress
[2023-10-12 17:38:40.818] [DISPLAY] [Main ] [app] Application quit requested (exit code: 0)
[2023-10-12 17:38:40.848] [DISPLAY] [Main ] [svc] Stopping the background service.
